<?xml version="1.0" encoding="UTF-8"?>
<testsuite xmlns:xsi="http://www.w3.org/2001/XMLSchema-instance" xsi:noNamespaceSchemaLocation="https://maven.apache.org/surefire/maven-surefire-plugin/xsd/surefire-test-report.xsd" name="com.example.demo.NumberApplicationTests" time="7.52" tests="1" errors="0" skipped="0" failures="0">
  <properties>
    <property name="java.specification.version" value="14"/>
    <property name="sun.cpu.isalist" value="amd64"/>
    <property name="sun.jnu.encoding" value="GBK"/>
    <property name="java.class.path" value="D:\Dropbox\workspace\demo\target\test-classes;D:\Dropbox\workspace\demo\target\classes;C:\Users\lmf\.m2\repository\org\springframework\boot\spring-boot-starter\2.4.2\spring-boot-starter-2.4.2.jar;C:\Users\lmf\.m2\repository\org\springframework\boot\spring-boot\2.4.2\spring-boot-2.4.2.jar;C:\Users\lmf\.m2\repository\org\springframework\spring-context\5.3.3\spring-context-5.3.3.jar;C:\Users\lmf\.m2\repository\org\springframework\spring-aop\5.3.3\spring-aop-5.3.3.jar;C:\Users\lmf\.m2\repository\org\springframework\spring-beans\5.3.3\spring-beans-5.3.3.jar;C:\Users\lmf\.m2\repository\org\springframework\spring-expression\5.3.3\spring-expression-5.3.3.jar;C:\Users\lmf\.m2\repository\org\springframework\boot\spring-boot-autoconfigure\2.4.2\spring-boot-autoconfigure-2.4.2.jar;C:\Users\lmf\.m2\repository\org\springframework\boot\spring-boot-starter-logging\2.4.2\spring-boot-starter-logging-2.4.2.jar;C:\Users\lmf\.m2\repository\ch\qos\logback\logback-classic\1.2.3\logback-classic-1.2.3.jar;C:\Users\lmf\.m2\repository\ch\qos\logback\logback-core\1.2.3\logback-core-1.2.3.jar;C:\Users\lmf\.m2\repository\org\apache\logging\log4j\log4j-to-slf4j\2.13.3\log4j-to-slf4j-2.13.3.jar;C:\Users\lmf\.m2\repository\org\apache\logging\log4j\log4j-api\2.13.3\log4j-api-2.13.3.jar;C:\Users\lmf\.m2\repository\org\slf4j\jul-to-slf4j\1.7.30\jul-to-slf4j-1.7.30.jar;C:\Users\lmf\.m2\repository\jakarta\annotation\jakarta.annotation-api\1.3.5\jakarta.annotation-api-1.3.5.jar;C:\Users\lmf\.m2\repository\org\springframework\spring-core\5.3.3\spring-core-5.3.3.jar;C:\Users\lmf\.m2\repository\org\springframework\spring-jcl\5.3.3\spring-jcl-5.3.3.jar;C:\Users\lmf\.m2\repository\org\yaml\snakeyaml\1.27\snakeyaml-1.27.jar;C:\Users\lmf\.m2\repository\org\springframework\boot\spring-boot-test-autoconfigure\2.4.2\spring-boot-test-autoconfigure-2.4.2.jar;C:\Users\lmf\.m2\repository\org\springframework\boot\spring-boot-test\2.4.2\spring-boot-test-2.4.2.jar;C:\Users\lmf\.m2\repository\com\google\guava\guava\30.0-jre\guava-30.0-jre.jar;C:\Users\lmf\.m2\repository\com\google\guava\failureaccess\1.0.1\failureaccess-1.0.1.jar;C:\Users\lmf\.m2\repository\com\google\guava\listenablefuture\9999.0-empty-to-avoid-conflict-with-guava\listenablefuture-9999.0-empty-to-avoid-conflict-with-guava.jar;C:\Users\lmf\.m2\repository\com\google\code\findbugs\jsr305\3.0.2\jsr305-3.0.2.jar;C:\Users\lmf\.m2\repository\org\checkerframework\checker-qual\3.5.0\checker-qual-3.5.0.jar;C:\Users\lmf\.m2\repository\com\google\errorprone\error_prone_annotations\2.3.4\error_prone_annotations-2.3.4.jar;C:\Users\lmf\.m2\repository\com\google\j2objc\j2objc-annotations\1.3\j2objc-annotations-1.3.jar;C:\Users\lmf\.m2\repository\org\projectlombok\lombok\1.18.16\lombok-1.18.16.jar;C:\Users\lmf\.m2\repository\org\springframework\boot\spring-boot-starter-test\2.4.2\spring-boot-starter-test-2.4.2.jar;C:\Users\lmf\.m2\repository\com\jayway\jsonpath\json-path\2.4.0\json-path-2.4.0.jar;C:\Users\lmf\.m2\repository\net\minidev\json-smart\2.3\json-smart-2.3.jar;C:\Users\lmf\.m2\repository\net\minidev\accessors-smart\1.2\accessors-smart-1.2.jar;C:\Users\lmf\.m2\repository\org\ow2\asm\asm\5.0.4\asm-5.0.4.jar;C:\Users\lmf\.m2\repository\org\slf4j\slf4j-api\1.7.30\slf4j-api-1.7.30.jar;C:\Users\lmf\.m2\repository\jakarta\xml\bind\jakarta.xml.bind-api\2.3.3\jakarta.xml.bind-api-2.3.3.jar;C:\Users\lmf\.m2\repository\jakarta\activation\jakarta.activation-api\1.2.2\jakarta.activation-api-1.2.2.jar;C:\Users\lmf\.m2\repository\org\assertj\assertj-core\3.18.1\assertj-core-3.18.1.jar;C:\Users\lmf\.m2\repository\org\hamcrest\hamcrest\2.2\hamcrest-2.2.jar;C:\Users\lmf\.m2\repository\org\junit\jupiter\junit-jupiter\5.7.0\junit-jupiter-5.7.0.jar;C:\Users\lmf\.m2\repository\org\junit\jupiter\junit-jupiter-api\5.7.0\junit-jupiter-api-5.7.0.jar;C:\Users\lmf\.m2\repository\org\apiguardian\apiguardian-api\1.1.0\apiguardian-api-1.1.0.jar;C:\Users\lmf\.m2\repository\org\opentest4j\opentest4j\1.2.0\opentest4j-1.2.0.jar;C:\Users\lmf\.m2\repository\org\junit\platform\junit-platform-commons\1.7.0\junit-platform-commons-1.7.0.jar;C:\Users\lmf\.m2\repository\org\junit\jupiter\junit-jupiter-params\5.7.0\junit-jupiter-params-5.7.0.jar;C:\Users\lmf\.m2\repository\org\junit\jupiter\junit-jupiter-engine\5.7.0\junit-jupiter-engine-5.7.0.jar;C:\Users\lmf\.m2\repository\org\junit\platform\junit-platform-engine\1.7.0\junit-platform-engine-1.7.0.jar;C:\Users\lmf\.m2\repository\org\mockito\mockito-core\3.6.28\mockito-core-3.6.28.jar;C:\Users\lmf\.m2\repository\net\bytebuddy\byte-buddy\1.10.19\byte-buddy-1.10.19.jar;C:\Users\lmf\.m2\repository\net\bytebuddy\byte-buddy-agent\1.10.19\byte-buddy-agent-1.10.19.jar;C:\Users\lmf\.m2\repository\org\objenesis\objenesis\3.1\objenesis-3.1.jar;C:\Users\lmf\.m2\repository\org\mockito\mockito-junit-jupiter\3.6.28\mockito-junit-jupiter-3.6.28.jar;C:\Users\lmf\.m2\repository\org\skyscreamer\jsonassert\1.5.0\jsonassert-1.5.0.jar;C:\Users\lmf\.m2\repository\com\vaadin\external\google\android-json\0.0.20131108.vaadin1\android-json-0.0.20131108.vaadin1.jar;C:\Users\lmf\.m2\repository\org\springframework\spring-test\5.3.3\spring-test-5.3.3.jar;C:\Users\lmf\.m2\repository\org\xmlunit\xmlunit-core\2.7.0\xmlunit-core-2.7.0.jar;"/>
    <property name="java.vm.vendor" value="Oracle Corporation"/>
    <property name="sun.arch.data.model" value="64"/>
    <property name="user.variant" value=""/>
    <property name="java.vendor.url" value="https://java.oracle.com/"/>
    <property name="user.timezone" value="Asia/Shanghai"/>
    <property name="os.name" value="Windows 10"/>
    <property name="java.vm.specification.version" value="14"/>
    <property name="sun.java.launcher" value="SUN_STANDARD"/>
    <property name="user.country" value="CN"/>
    <property name="sun.boot.library.path" value="D:\jdk\jdk-14.0.1\bin"/>
    <property name="sun.java.command" value="C:\Users\lmf\AppData\Local\Temp\surefire9938608340956514026\surefirebooter13256220226236315050.jar C:\Users\lmf\AppData\Local\Temp\surefire9938608340956514026 2021-02-01T08-47-49_891-jvmRun1 surefire8873762955714184084tmp surefire_05383366964762194359tmp"/>
    <property name="jdk.debug" value="release"/>
    <property name="surefire.test.class.path" value="D:\Dropbox\workspace\demo\target\test-classes;D:\Dropbox\workspace\demo\target\classes;C:\Users\lmf\.m2\repository\org\springframework\boot\spring-boot-starter\2.4.2\spring-boot-starter-2.4.2.jar;C:\Users\lmf\.m2\repository\org\springframework\boot\spring-boot\2.4.2\spring-boot-2.4.2.jar;C:\Users\lmf\.m2\repository\org\springframework\spring-context\5.3.3\spring-context-5.3.3.jar;C:\Users\lmf\.m2\repository\org\springframework\spring-aop\5.3.3\spring-aop-5.3.3.jar;C:\Users\lmf\.m2\repository\org\springframework\spring-beans\5.3.3\spring-beans-5.3.3.jar;C:\Users\lmf\.m2\repository\org\springframework\spring-expression\5.3.3\spring-expression-5.3.3.jar;C:\Users\lmf\.m2\repository\org\springframework\boot\spring-boot-autoconfigure\2.4.2\spring-boot-autoconfigure-2.4.2.jar;C:\Users\lmf\.m2\repository\org\springframework\boot\spring-boot-starter-logging\2.4.2\spring-boot-starter-logging-2.4.2.jar;C:\Users\lmf\.m2\repository\ch\qos\logback\logback-classic\1.2.3\logback-classic-1.2.3.jar;C:\Users\lmf\.m2\repository\ch\qos\logback\logback-core\1.2.3\logback-core-1.2.3.jar;C:\Users\lmf\.m2\repository\org\apache\logging\log4j\log4j-to-slf4j\2.13.3\log4j-to-slf4j-2.13.3.jar;C:\Users\lmf\.m2\repository\org\apache\logging\log4j\log4j-api\2.13.3\log4j-api-2.13.3.jar;C:\Users\lmf\.m2\repository\org\slf4j\jul-to-slf4j\1.7.30\jul-to-slf4j-1.7.30.jar;C:\Users\lmf\.m2\repository\jakarta\annotation\jakarta.annotation-api\1.3.5\jakarta.annotation-api-1.3.5.jar;C:\Users\lmf\.m2\repository\org\springframework\spring-core\5.3.3\spring-core-5.3.3.jar;C:\Users\lmf\.m2\repository\org\springframework\spring-jcl\5.3.3\spring-jcl-5.3.3.jar;C:\Users\lmf\.m2\repository\org\yaml\snakeyaml\1.27\snakeyaml-1.27.jar;C:\Users\lmf\.m2\repository\org\springframework\boot\spring-boot-test-autoconfigure\2.4.2\spring-boot-test-autoconfigure-2.4.2.jar;C:\Users\lmf\.m2\repository\org\springframework\boot\spring-boot-test\2.4.2\spring-boot-test-2.4.2.jar;C:\Users\lmf\.m2\repository\com\google\guava\guava\30.0-jre\guava-30.0-jre.jar;C:\Users\lmf\.m2\repository\com\google\guava\failureaccess\1.0.1\failureaccess-1.0.1.jar;C:\Users\lmf\.m2\repository\com\google\guava\listenablefuture\9999.0-empty-to-avoid-conflict-with-guava\listenablefuture-9999.0-empty-to-avoid-conflict-with-guava.jar;C:\Users\lmf\.m2\repository\com\google\code\findbugs\jsr305\3.0.2\jsr305-3.0.2.jar;C:\Users\lmf\.m2\repository\org\checkerframework\checker-qual\3.5.0\checker-qual-3.5.0.jar;C:\Users\lmf\.m2\repository\com\google\errorprone\error_prone_annotations\2.3.4\error_prone_annotations-2.3.4.jar;C:\Users\lmf\.m2\repository\com\google\j2objc\j2objc-annotations\1.3\j2objc-annotations-1.3.jar;C:\Users\lmf\.m2\repository\org\projectlombok\lombok\1.18.16\lombok-1.18.16.jar;C:\Users\lmf\.m2\repository\org\springframework\boot\spring-boot-starter-test\2.4.2\spring-boot-starter-test-2.4.2.jar;C:\Users\lmf\.m2\repository\com\jayway\jsonpath\json-path\2.4.0\json-path-2.4.0.jar;C:\Users\lmf\.m2\repository\net\minidev\json-smart\2.3\json-smart-2.3.jar;C:\Users\lmf\.m2\repository\net\minidev\accessors-smart\1.2\accessors-smart-1.2.jar;C:\Users\lmf\.m2\repository\org\ow2\asm\asm\5.0.4\asm-5.0.4.jar;C:\Users\lmf\.m2\repository\org\slf4j\slf4j-api\1.7.30\slf4j-api-1.7.30.jar;C:\Users\lmf\.m2\repository\jakarta\xml\bind\jakarta.xml.bind-api\2.3.3\jakarta.xml.bind-api-2.3.3.jar;C:\Users\lmf\.m2\repository\jakarta\activation\jakarta.activation-api\1.2.2\jakarta.activation-api-1.2.2.jar;C:\Users\lmf\.m2\repository\org\assertj\assertj-core\3.18.1\assertj-core-3.18.1.jar;C:\Users\lmf\.m2\repository\org\hamcrest\hamcrest\2.2\hamcrest-2.2.jar;C:\Users\lmf\.m2\repository\org\junit\jupiter\junit-jupiter\5.7.0\junit-jupiter-5.7.0.jar;C:\Users\lmf\.m2\repository\org\junit\jupiter\junit-jupiter-api\5.7.0\junit-jupiter-api-5.7.0.jar;C:\Users\lmf\.m2\repository\org\apiguardian\apiguardian-api\1.1.0\apiguardian-api-1.1.0.jar;C:\Users\lmf\.m2\repository\org\opentest4j\opentest4j\1.2.0\opentest4j-1.2.0.jar;C:\Users\lmf\.m2\repository\org\junit\platform\junit-platform-commons\1.7.0\junit-platform-commons-1.7.0.jar;C:\Users\lmf\.m2\repository\org\junit\jupiter\junit-jupiter-params\5.7.0\junit-jupiter-params-5.7.0.jar;C:\Users\lmf\.m2\repository\org\junit\jupiter\junit-jupiter-engine\5.7.0\junit-jupiter-engine-5.7.0.jar;C:\Users\lmf\.m2\repository\org\junit\platform\junit-platform-engine\1.7.0\junit-platform-engine-1.7.0.jar;C:\Users\lmf\.m2\repository\org\mockito\mockito-core\3.6.28\mockito-core-3.6.28.jar;C:\Users\lmf\.m2\repository\net\bytebuddy\byte-buddy\1.10.19\byte-buddy-1.10.19.jar;C:\Users\lmf\.m2\repository\net\bytebuddy\byte-buddy-agent\1.10.19\byte-buddy-agent-1.10.19.jar;C:\Users\lmf\.m2\repository\org\objenesis\objenesis\3.1\objenesis-3.1.jar;C:\Users\lmf\.m2\repository\org\mockito\mockito-junit-jupiter\3.6.28\mockito-junit-jupiter-3.6.28.jar;C:\Users\lmf\.m2\repository\org\skyscreamer\jsonassert\1.5.0\jsonassert-1.5.0.jar;C:\Users\lmf\.m2\repository\com\vaadin\external\google\android-json\0.0.20131108.vaadin1\android-json-0.0.20131108.vaadin1.jar;C:\Users\lmf\.m2\repository\org\springframework\spring-test\5.3.3\spring-test-5.3.3.jar;C:\Users\lmf\.m2\repository\org\xmlunit\xmlunit-core\2.7.0\xmlunit-core-2.7.0.jar;"/>
    <property name="sun.cpu.endian" value="little"/>
    <property name="user.home" value="C:\Users\lmf"/>
    <property name="user.language" value="zh"/>
    <property name="java.specification.vendor" value="Oracle Corporation"/>
    <property name="java.version.date" value="2020-04-14"/>
    <property name="java.home" value="D:\jdk\jdk-14.0.1"/>
    <property name="file.separator" value="\"/>
    <property name="basedir" value="D:\Dropbox\workspace\demo"/>
    <property name="java.vm.compressedOopsMode" value="Zero based"/>
    <property name="line.separator" value="&#10;"/>
    <property name="java.vm.specification.vendor" value="Oracle Corporation"/>
    <property name="java.specification.name" value="Java Platform API Specification"/>
    <property name="surefire.real.class.path" value="C:\Users\lmf\AppData\Local\Temp\surefire9938608340956514026\surefirebooter13256220226236315050.jar"/>
    <property name="user.script" value=""/>
    <property name="sun.management.compiler" value="HotSpot 64-Bit Tiered Compilers"/>
    <property name="java.runtime.version" value="14.0.1+7"/>
    <property name="user.name" value="lmf"/>
    <property name="path.separator" value=";"/>
    <property name="os.version" value="10.0"/>
    <property name="java.runtime.name" value="OpenJDK Runtime Environment"/>
    <property name="file.encoding" value="GBK"/>
    <property name="java.vm.name" value="OpenJDK 64-Bit Server VM"/>
    <property name="localRepository" value="C:\Users\lmf\.m2\repository"/>
    <property name="java.vendor.url.bug" value="https://bugreport.java.com/bugreport/"/>
    <property name="java.io.tmpdir" value="C:\Users\lmf\AppData\Local\Temp\"/>
    <property name="java.version" value="14.0.1"/>
    <property name="user.dir" value="D:\Dropbox\workspace\demo"/>
    <property name="os.arch" value="amd64"/>
    <property name="java.vm.specification.name" value="Java Virtual Machine Specification"/>
    <property name="sun.os.patch.level" value=""/>
    <property name="java.library.path" value="D:\jdk\jdk-14.0.1\bin;C:\WINDOWS\Sun\Java\bin;C:\WINDOWS\system32;C:\WINDOWS;C:\Users\lmf\bin;C:\Program Files\Git\mingw64\bin;C:\Program Files\Git\usr\local\bin;C:\Program Files\Git\usr\bin;C:\Program Files\Git\usr\bin;C:\Program Files\Git\mingw64\bin;C:\Program Files\Git\usr\bin;C:\Users\lmf\bin;D:\jdk\jdk-14.0.1\bin;D:\jdk\jdk-14.0.1\jre\bin;D:\jdk\apache-maven-3.6.3\bin;C:\Program Files (x86)\Intel\iCLS Client;C:\Program Files\Intel\iCLS Client;C:\WINDOWS\system32;C:\WINDOWS;C:\WINDOWS\System32\Wbem;C:\WINDOWS\System32\WindowsPowerShell\v1.0;D:\PostgreSQL\pg10\bin;D:\jdk\Apache-Subversion\bin;D:\jdk\gradle-3.3\bin;C:\Program Files\VisualSVN Server\bin;C:\WINDOWS\System32\OpenSSH;D:\jdk\node_modules\node_global;D:\jdk\nodejs;C:\Program Files\Git\cmd;C:\Users\lmf\AppData\Local\Microsoft\WindowsApps;C:\Users\lmf\AppData\Roaming\npm;C:\Users\lmf\AppData\Local\Programs\Microsoft VS Code\bin;C:\Program Files\Git\usr\bin\vendor_perl;C:\Program Files\Git\usr\bin\core_perl;."/>
    <property name="java.vm.info" value="mixed mode, sharing"/>
    <property name="java.vendor" value="Oracle Corporation"/>
    <property name="java.vm.version" value="14.0.1+7"/>
    <property name="sun.io.unicode.encoding" value="UnicodeLittle"/>
    <property name="java.class.version" value="58.0"/>
  </properties>
  <testcase name="contextLoads" classname="com.example.demo.NumberApplicationTests" time="0.001"/>
</testsuite>